SF:lib\main.dart
DA:3,0
DA:4,0
DA:8,1
DA:10,0
DA:12,0
LF:5
LH:1
end_of_record
SF:lib\api\fake_post_api.dart
DA:8,0
DA:9,0
DA:11,0
DA:12,0
DA:13,0
DA:15,0
DA:17,0
DA:20,1
DA:21,2
DA:22,2
DA:23,3
DA:24,1
DA:26,0
DA:30,1
DA:31,1
DA:33,6
DA:34,0
DA:37,0
DA:38,0
DA:39,0
DA:41,0
DA:42,0
DA:45,1
DA:46,2
DA:48,2
DA:50,2
DA:51,3
DA:53,0
LF:28
LH:13
end_of_record
SF:lib\model\post.dart
DA:12,1
DA:14,2
DA:16,0
DA:18,0
DA:20,0
DA:24,0
DA:25,0
DA:26,0
DA:34,0
DA:44,0
DA:46,0
DA:49,0
DA:50,0
DA:51,0
LF:14
LH:2
end_of_record
SF:lib\model\post.g.dart
DA:9,2
DA:10,1
DA:11,1
DA:12,1
DA:13,1
DA:16,0
DA:17,0
DA:18,0
DA:19,0
DA:20,0
LF:10
LH:5
end_of_record
